2025-10-27 14:49:40,912 - [INFO] - from org.hibernate.validator.internal.util.Version in background-preinit 
HV000001: Hibernate Validator 8.0.3.Final

2025-10-27 14:49:40,931 - [INFO] - from com.groovify.GroovifyApplication in restartedMain 
Starting GroovifyApplication using Java 21.0.4 with PID 20347 (/Users/jaceclaassen/Desktop/Groovify/build/classes/java/main started by jaceclaassen in /Users/jaceclaassen/Desktop/Groovify)

2025-10-27 14:49:40,931 - [INFO] - from com.groovify.GroovifyApplication in restartedMain 
No active profile set, falling back to 1 default profile: "default"

2025-10-27 14:49:40,947 - [INFO] - from org.springframework.boot.devtools.env.DevToolsPropertyDefaultsPostProcessor in restartedMain 
Devtools property defaults active! Set 'spring.devtools.add-properties' to 'false' to disable

2025-10-27 14:49:40,947 - [INFO] - from org.springframework.boot.devtools.env.DevToolsPropertyDefaultsPostProcessor in restartedMain 
For additional web related logging consider setting the 'logging.level.web' property to 'DEBUG'

2025-10-27 14:49:41,178 - [INFO] - from org.springframework.data.repository.config.RepositoryConfigurationDelegate in restartedMain 
Bootstrapping Spring Data JPA repositories in DEFAULT mode.

2025-10-27 14:49:41,199 - [INFO] - from org.springframework.data.repository.config.RepositoryConfigurationDelegate in restartedMain 
Finished Spring Data repository scanning in 18 ms. Found 4 JPA repository interfaces.

2025-10-27 14:49:41,382 - [INFO] - from org.springframework.boot.web.embedded.tomcat.TomcatWebServer in restartedMain 
Tomcat initialized with port 8080 (http)

2025-10-27 14:49:41,387 - [INFO] - from org.apache.coyote.http11.Http11NioProtocol in restartedMain 
Initializing ProtocolHandler ["http-nio-8080"]

2025-10-27 14:49:41,388 - [INFO] - from org.apache.catalina.core.StandardService in restartedMain 
Starting service [Tomcat]

2025-10-27 14:49:41,388 - [INFO] - from org.apache.catalina.core.StandardEngine in restartedMain 
Starting Servlet engine: [Apache Tomcat/10.1.44]

2025-10-27 14:49:41,401 - [INFO] - from org.apache.catalina.core.ContainerBase.[Tomcat].[localhost].[/] in restartedMain 
Initializing Spring embedded WebApplicationContext

2025-10-27 14:49:41,401 - [INFO] - from org.springframework.boot.web.servlet.context.ServletWebServerApplicationContext in restartedMain 
Root WebApplicationContext: initialization completed in 454 ms

2025-10-27 14:49:41,460 - [INFO] - from org.hibernate.jpa.internal.util.LogHelper in restartedMain 
HHH000204: Processing PersistenceUnitInfo [name: default]

2025-10-27 14:49:41,482 - [INFO] - from org.hibernate.Version in restartedMain 
HHH000412: Hibernate ORM core version 6.6.26.Final

2025-10-27 14:49:41,494 - [INFO] - from org.hibernate.cache.internal.RegionFactoryInitiator in restartedMain 
HHH000026: Second-level cache disabled

2025-10-27 14:49:41,601 - [INFO] - from org.springframework.orm.jpa.persistenceunit.SpringPersistenceUnitInfo in restartedMain 
No LoadTimeWeaver setup: ignoring JPA class transformer

2025-10-27 14:49:41,612 - [INFO] - from com.zaxxer.hikari.HikariDataSource in restartedMain 
HikariPool-1 - Starting...

2025-10-27 14:49:41,735 - [INFO] - from com.zaxxer.hikari.pool.HikariPool in restartedMain 
HikariPool-1 - Added connection com.mysql.cj.jdbc.ConnectionImpl@25861570

2025-10-27 14:49:41,736 - [INFO] - from com.zaxxer.hikari.HikariDataSource in restartedMain 
HikariPool-1 - Start completed.

2025-10-27 14:49:41,755 - [WARN] - from org.hibernate.orm.deprecation in restartedMain 
HHH90000025: MySQL8Dialect does not need to be specified explicitly using 'hibernate.dialect' (remove the property setting and it will be selected by default)

2025-10-27 14:49:41,756 - [WARN] - from org.hibernate.orm.deprecation in restartedMain 
HHH90000026: MySQL8Dialect has been deprecated; use org.hibernate.dialect.MySQLDialect instead

2025-10-27 14:49:41,761 - [INFO] - from org.hibernate.orm.connections.pooling in restartedMain 
HHH10001005: Database info:
	Database JDBC URL [Connecting through datasource 'HikariDataSource (HikariPool-1)']
	Database driver: undefined/unknown
	Database version: 8.0
	Autocommit mode: undefined/unknown
	Isolation level: undefined/unknown
	Minimum pool size: undefined/unknown
	Maximum pool size: undefined/unknown

2025-10-27 14:49:42,094 - [INFO] - from org.hibernate.engine.transaction.jta.platform.internal.JtaPlatformInitiator in restartedMain 
HHH000489: No JTA platform available (set 'hibernate.transaction.jta.platform' to enable JTA platform integration)

2025-10-27 14:49:42,134 - [INFO] - from org.springframework.orm.jpa.LocalContainerEntityManagerFactoryBean in restartedMain 
Initialized JPA EntityManagerFactory for persistence unit 'default'

2025-10-27 14:49:42,266 - [WARN] - from org.springframework.boot.autoconfigure.orm.jpa.JpaBaseConfiguration$JpaWebConfiguration in restartedMain 
spring.jpa.open-in-view is enabled by default. Therefore, database queries may be performed during view rendering. Explicitly configure spring.jpa.open-in-view to disable this warning

2025-10-27 14:49:42,389 - [INFO] - from org.springframework.boot.devtools.autoconfigure.OptionalLiveReloadServer in restartedMain 
LiveReload server is running on port 35729

2025-10-27 14:49:42,395 - [INFO] - from org.apache.coyote.http11.Http11NioProtocol in restartedMain 
Starting ProtocolHandler ["http-nio-8080"]

2025-10-27 14:49:42,401 - [INFO] - from org.springframework.boot.web.embedded.tomcat.TomcatWebServer in restartedMain 
Tomcat started on port 8080 (http) with context path '/'

2025-10-27 14:49:42,405 - [INFO] - from com.groovify.GroovifyApplication in restartedMain 
Started GroovifyApplication in 1.648 seconds (process running for 1.789)

2025-10-27 14:49:42,406 - [INFO] - from com.groovify.GroovifyApplication in restartedMain 
Starting MP3 import before web server startup...

2025-10-27 14:49:42,457 - [WARN] - from com.groovify.service.SongImportImpl in restartedMain 
File 'Classicals.de+-+Tchaikovsky+-+The+Seasons+-+03+-+March+-+Song+of+the+Lark.mp3' already exists

2025-10-27 14:49:42,458 - [WARN] - from com.groovify.service.SongImportImpl in restartedMain 
File 'Classicals.de+-+Tchaikovsky+-+The+Seasons+-+02+-+February+-+Carnival.mp3' already exists

2025-10-27 14:49:42,459 - [WARN] - from com.groovify.service.SongImportImpl in restartedMain 
File 'Classicals.de+-+Tchaikovsky+-+The+Seasons+-+01+-+January+-+At+the+Fireside.mp3' already exists

2025-10-27 14:49:42,459 - [INFO] - from com.groovify.GroovifyApplication in restartedMain 
MP3 import complete. Continuing startup...

2025-10-27 14:49:45,989 - [INFO] - from org.apache.catalina.core.ContainerBase.[Tomcat].[localhost].[/] in http-nio-8080-exec-1 
Initializing Spring DispatcherServlet 'dispatcherServlet'

2025-10-27 14:49:45,989 - [INFO] - from org.springframework.web.servlet.DispatcherServlet in http-nio-8080-exec-1 
Initializing Servlet 'dispatcherServlet'

2025-10-27 14:49:45,990 - [INFO] - from org.springframework.web.servlet.DispatcherServlet in http-nio-8080-exec-1 
Completed initialization in 1 ms

2025-10-27 14:49:48,686 - [INFO] - from com.groovify.web.controller.LandingController in http-nio-8080-exec-6 
User 'JaceClaassen' attempting to log in

2025-10-27 14:49:48,694 - [INFO] - from com.groovify.web.controller.LandingController in http-nio-8080-exec-6 
User 'JaceClaassen' successfully logged in

2025-10-27 14:49:48,712 - [WARN] - from org.thymeleaf.standard.processor.AbstractStandardFragmentInsertionTagProcessor in http-nio-8080-exec-7 
[THYMELEAF][http-nio-8080-exec-7][home] Deprecated unwrapped fragment expression "fragments/topbar :: topbar" found in template home, line 14, col 6. Please use the complete syntax of fragment expressions instead ("~{fragments/topbar :: topbar}"). The old, unwrapped syntax for fragment expressions will be removed in future versions of Thymeleaf.

2025-10-27 14:49:48,728 - [WARN] - from org.thymeleaf.standard.processor.AbstractStandardFragmentInsertionTagProcessor in http-nio-8080-exec-7 
[THYMELEAF][http-nio-8080-exec-7][home] Deprecated unwrapped fragment expression "fragments/navbar :: navbar" found in template home, line 17, col 6. Please use the complete syntax of fragment expressions instead ("~{fragments/navbar :: navbar}"). The old, unwrapped syntax for fragment expressions will be removed in future versions of Thymeleaf.

2025-10-27 14:49:48,730 - [WARN] - from org.thymeleaf.standard.processor.AbstractStandardFragmentInsertionTagProcessor in http-nio-8080-exec-7 
[THYMELEAF][http-nio-8080-exec-7][home] Deprecated unwrapped fragment expression "fragments/session :: sessionTimeoutScripts" found in template home, line 20, col 6. Please use the complete syntax of fragment expressions instead ("~{fragments/session :: sessionTimeoutScripts}"). The old, unwrapped syntax for fragment expressions will be removed in future versions of Thymeleaf.

2025-10-27 14:49:56,210 - [WARN] - from org.thymeleaf.standard.processor.AbstractStandardFragmentInsertionTagProcessor in http-nio-8080-exec-4 
[THYMELEAF][http-nio-8080-exec-4][profile] Deprecated unwrapped fragment expression "fragments/navbar :: navbar" found in template profile, line 66, col 6. Please use the complete syntax of fragment expressions instead ("~{fragments/navbar :: navbar}"). The old, unwrapped syntax for fragment expressions will be removed in future versions of Thymeleaf.

2025-10-27 14:49:56,212 - [WARN] - from org.thymeleaf.standard.processor.AbstractStandardFragmentInsertionTagProcessor in http-nio-8080-exec-4 
[THYMELEAF][http-nio-8080-exec-4][profile] Deprecated unwrapped fragment expression "fragments/session :: sessionTimeoutScripts" found in template profile, line 68, col 6. Please use the complete syntax of fragment expressions instead ("~{fragments/session :: sessionTimeoutScripts}"). The old, unwrapped syntax for fragment expressions will be removed in future versions of Thymeleaf.

2025-10-27 14:50:03,998 - [WARN] - from org.thymeleaf.standard.processor.AbstractStandardFragmentInsertionTagProcessor in http-nio-8080-exec-3 
[THYMELEAF][http-nio-8080-exec-3][home] Deprecated unwrapped fragment expression "fragments/topbar :: topbar" found in template home, line 14, col 6. Please use the complete syntax of fragment expressions instead ("~{fragments/topbar :: topbar}"). The old, unwrapped syntax for fragment expressions will be removed in future versions of Thymeleaf.

2025-10-27 14:50:04,000 - [WARN] - from org.thymeleaf.standard.processor.AbstractStandardFragmentInsertionTagProcessor in http-nio-8080-exec-3 
[THYMELEAF][http-nio-8080-exec-3][home] Deprecated unwrapped fragment expression "fragments/navbar :: navbar" found in template home, line 17, col 6. Please use the complete syntax of fragment expressions instead ("~{fragments/navbar :: navbar}"). The old, unwrapped syntax for fragment expressions will be removed in future versions of Thymeleaf.

2025-10-27 14:50:04,002 - [WARN] - from org.thymeleaf.standard.processor.AbstractStandardFragmentInsertionTagProcessor in http-nio-8080-exec-3 
[THYMELEAF][http-nio-8080-exec-3][home] Deprecated unwrapped fragment expression "fragments/session :: sessionTimeoutScripts" found in template home, line 20, col 6. Please use the complete syntax of fragment expressions instead ("~{fragments/session :: sessionTimeoutScripts}"). The old, unwrapped syntax for fragment expressions will be removed in future versions of Thymeleaf.

2025-10-27 14:50:05,799 - [WARN] - from org.thymeleaf.standard.processor.AbstractStandardFragmentInsertionTagProcessor in http-nio-8080-exec-5 
[THYMELEAF][http-nio-8080-exec-5][songs] Deprecated unwrapped fragment expression "fragments/topbar :: topbar" found in template songs, line 15, col 6. Please use the complete syntax of fragment expressions instead ("~{fragments/topbar :: topbar}"). The old, unwrapped syntax for fragment expressions will be removed in future versions of Thymeleaf.

2025-10-27 14:50:05,806 - [WARN] - from org.thymeleaf.standard.processor.AbstractStandardFragmentInsertionTagProcessor in http-nio-8080-exec-5 
[THYMELEAF][http-nio-8080-exec-5][songs] Deprecated unwrapped fragment expression "fragments/mediaplayer :: mediaplayer" found in template songs, line 40, col 6. Please use the complete syntax of fragment expressions instead ("~{fragments/mediaplayer :: mediaplayer}"). The old, unwrapped syntax for fragment expressions will be removed in future versions of Thymeleaf.

2025-10-27 14:50:05,809 - [WARN] - from org.thymeleaf.standard.processor.AbstractStandardFragmentInsertionTagProcessor in http-nio-8080-exec-5 
[THYMELEAF][http-nio-8080-exec-5][songs] Deprecated unwrapped fragment expression "fragments/navbar :: navbar" found in template songs, line 42, col 6. Please use the complete syntax of fragment expressions instead ("~{fragments/navbar :: navbar}"). The old, unwrapped syntax for fragment expressions will be removed in future versions of Thymeleaf.

2025-10-27 14:50:05,811 - [WARN] - from org.thymeleaf.standard.processor.AbstractStandardFragmentInsertionTagProcessor in http-nio-8080-exec-5 
[THYMELEAF][http-nio-8080-exec-5][songs] Deprecated unwrapped fragment expression "fragments/session :: sessionTimeoutScripts" found in template songs, line 52, col 6. Please use the complete syntax of fragment expressions instead ("~{fragments/session :: sessionTimeoutScripts}"). The old, unwrapped syntax for fragment expressions will be removed in future versions of Thymeleaf.

2025-10-27 14:50:06,458 - [WARN] - from org.thymeleaf.standard.processor.AbstractStandardFragmentInsertionTagProcessor in http-nio-8080-exec-3 
[THYMELEAF][http-nio-8080-exec-3][playlists] Deprecated unwrapped fragment expression "fragments/topbar :: topbar" found in template playlists, line 14, col 6. Please use the complete syntax of fragment expressions instead ("~{fragments/topbar :: topbar}"). The old, unwrapped syntax for fragment expressions will be removed in future versions of Thymeleaf.

2025-10-27 14:50:06,461 - [WARN] - from org.thymeleaf.standard.processor.AbstractStandardFragmentInsertionTagProcessor in http-nio-8080-exec-3 
[THYMELEAF][http-nio-8080-exec-3][playlists] Deprecated unwrapped fragment expression "fragments/navbar :: navbar" found in template playlists, line 19, col 6. Please use the complete syntax of fragment expressions instead ("~{fragments/navbar :: navbar}"). The old, unwrapped syntax for fragment expressions will be removed in future versions of Thymeleaf.

2025-10-27 14:50:06,463 - [WARN] - from org.thymeleaf.standard.processor.AbstractStandardFragmentInsertionTagProcessor in http-nio-8080-exec-3 
[THYMELEAF][http-nio-8080-exec-3][playlists] Deprecated unwrapped fragment expression "fragments/session :: sessionTimeoutScripts" found in template playlists, line 24, col 6. Please use the complete syntax of fragment expressions instead ("~{fragments/session :: sessionTimeoutScripts}"). The old, unwrapped syntax for fragment expressions will be removed in future versions of Thymeleaf.

2025-10-27 14:50:07,087 - [WARN] - from org.thymeleaf.standard.processor.AbstractStandardFragmentInsertionTagProcessor in http-nio-8080-exec-4 
[THYMELEAF][http-nio-8080-exec-4][search] Deprecated unwrapped fragment expression "fragments/topbar :: topbar" found in template search, line 14, col 6. Please use the complete syntax of fragment expressions instead ("~{fragments/topbar :: topbar}"). The old, unwrapped syntax for fragment expressions will be removed in future versions of Thymeleaf.

2025-10-27 14:50:07,091 - [WARN] - from org.thymeleaf.standard.processor.AbstractStandardFragmentInsertionTagProcessor in http-nio-8080-exec-4 
[THYMELEAF][http-nio-8080-exec-4][search] Deprecated unwrapped fragment expression "fragments/navbar :: navbar" found in template search, line 19, col 6. Please use the complete syntax of fragment expressions instead ("~{fragments/navbar :: navbar}"). The old, unwrapped syntax for fragment expressions will be removed in future versions of Thymeleaf.

2025-10-27 14:50:07,093 - [WARN] - from org.thymeleaf.standard.processor.AbstractStandardFragmentInsertionTagProcessor in http-nio-8080-exec-4 
[THYMELEAF][http-nio-8080-exec-4][search] Deprecated unwrapped fragment expression "fragments/session :: sessionTimeoutScripts" found in template search, line 24, col 6. Please use the complete syntax of fragment expressions instead ("~{fragments/session :: sessionTimeoutScripts}"). The old, unwrapped syntax for fragment expressions will be removed in future versions of Thymeleaf.

2025-10-27 14:50:21,368 - [INFO] - from org.springframework.boot.web.embedded.tomcat.GracefulShutdown in SpringApplicationShutdownHook 
Commencing graceful shutdown. Waiting for active requests to complete

2025-10-27 14:50:21,371 - [INFO] - from org.springframework.boot.web.embedded.tomcat.GracefulShutdown in tomcat-shutdown 
Graceful shutdown complete

2025-10-27 14:50:21,375 - [INFO] - from org.springframework.orm.jpa.LocalContainerEntityManagerFactoryBean in SpringApplicationShutdownHook 
Closing JPA EntityManagerFactory for persistence unit 'default'

2025-10-27 14:50:21,376 - [INFO] - from com.zaxxer.hikari.HikariDataSource in SpringApplicationShutdownHook 
HikariPool-1 - Shutdown initiated...

2025-10-27 14:50:21,379 - [INFO] - from com.zaxxer.hikari.HikariDataSource in SpringApplicationShutdownHook 
HikariPool-1 - Shutdown completed.

2025-10-27 14:51:20,974 - [INFO] - from org.hibernate.validator.internal.util.Version in background-preinit 
HV000001: Hibernate Validator 8.0.3.Final

2025-10-27 14:51:20,989 - [INFO] - from com.groovify.GroovifyApplication in restartedMain 
Starting GroovifyApplication using Java 21.0.4 with PID 20421 (/Users/jaceclaassen/Desktop/Groovify/build/classes/java/main started by jaceclaassen in /Users/jaceclaassen/Desktop/Groovify)

2025-10-27 14:51:20,989 - [INFO] - from com.groovify.GroovifyApplication in restartedMain 
No active profile set, falling back to 1 default profile: "default"

2025-10-27 14:51:21,002 - [INFO] - from org.springframework.boot.devtools.env.DevToolsPropertyDefaultsPostProcessor in restartedMain 
Devtools property defaults active! Set 'spring.devtools.add-properties' to 'false' to disable

2025-10-27 14:51:21,002 - [INFO] - from org.springframework.boot.devtools.env.DevToolsPropertyDefaultsPostProcessor in restartedMain 
For additional web related logging consider setting the 'logging.level.web' property to 'DEBUG'

2025-10-27 14:51:21,213 - [INFO] - from org.springframework.data.repository.config.RepositoryConfigurationDelegate in restartedMain 
Bootstrapping Spring Data JPA repositories in DEFAULT mode.

2025-10-27 14:51:21,232 - [INFO] - from org.springframework.data.repository.config.RepositoryConfigurationDelegate in restartedMain 
Finished Spring Data repository scanning in 16 ms. Found 4 JPA repository interfaces.

2025-10-27 14:51:21,408 - [INFO] - from org.springframework.boot.web.embedded.tomcat.TomcatWebServer in restartedMain 
Tomcat initialized with port 8080 (http)

2025-10-27 14:51:21,414 - [INFO] - from org.apache.coyote.http11.Http11NioProtocol in restartedMain 
Initializing ProtocolHandler ["http-nio-8080"]

2025-10-27 14:51:21,415 - [INFO] - from org.apache.catalina.core.StandardService in restartedMain 
Starting service [Tomcat]

2025-10-27 14:51:21,416 - [INFO] - from org.apache.catalina.core.StandardEngine in restartedMain 
Starting Servlet engine: [Apache Tomcat/10.1.44]

2025-10-27 14:51:21,433 - [INFO] - from org.apache.catalina.core.ContainerBase.[Tomcat].[localhost].[/] in restartedMain 
Initializing Spring embedded WebApplicationContext

2025-10-27 14:51:21,434 - [INFO] - from org.springframework.boot.web.servlet.context.ServletWebServerApplicationContext in restartedMain 
Root WebApplicationContext: initialization completed in 432 ms

2025-10-27 14:51:21,539 - [INFO] - from org.hibernate.jpa.internal.util.LogHelper in restartedMain 
HHH000204: Processing PersistenceUnitInfo [name: default]

2025-10-27 14:51:21,569 - [INFO] - from org.hibernate.Version in restartedMain 
HHH000412: Hibernate ORM core version 6.6.26.Final

2025-10-27 14:51:21,582 - [INFO] - from org.hibernate.cache.internal.RegionFactoryInitiator in restartedMain 
HHH000026: Second-level cache disabled

2025-10-27 14:51:21,681 - [INFO] - from org.springframework.orm.jpa.persistenceunit.SpringPersistenceUnitInfo in restartedMain 
No LoadTimeWeaver setup: ignoring JPA class transformer

2025-10-27 14:51:21,689 - [INFO] - from com.zaxxer.hikari.HikariDataSource in restartedMain 
HikariPool-1 - Starting...

2025-10-27 14:51:21,811 - [INFO] - from com.zaxxer.hikari.pool.HikariPool in restartedMain 
HikariPool-1 - Added connection com.mysql.cj.jdbc.ConnectionImpl@560eef72

2025-10-27 14:51:21,812 - [INFO] - from com.zaxxer.hikari.HikariDataSource in restartedMain 
HikariPool-1 - Start completed.

2025-10-27 14:51:21,827 - [WARN] - from org.hibernate.orm.deprecation in restartedMain 
HHH90000025: MySQL8Dialect does not need to be specified explicitly using 'hibernate.dialect' (remove the property setting and it will be selected by default)

2025-10-27 14:51:21,827 - [WARN] - from org.hibernate.orm.deprecation in restartedMain 
HHH90000026: MySQL8Dialect has been deprecated; use org.hibernate.dialect.MySQLDialect instead

2025-10-27 14:51:21,832 - [INFO] - from org.hibernate.orm.connections.pooling in restartedMain 
HHH10001005: Database info:
	Database JDBC URL [Connecting through datasource 'HikariDataSource (HikariPool-1)']
	Database driver: undefined/unknown
	Database version: 8.0
	Autocommit mode: undefined/unknown
	Isolation level: undefined/unknown
	Minimum pool size: undefined/unknown
	Maximum pool size: undefined/unknown

2025-10-27 14:51:22,128 - [INFO] - from org.hibernate.engine.transaction.jta.platform.internal.JtaPlatformInitiator in restartedMain 
HHH000489: No JTA platform available (set 'hibernate.transaction.jta.platform' to enable JTA platform integration)

2025-10-27 14:51:22,169 - [INFO] - from org.springframework.orm.jpa.LocalContainerEntityManagerFactoryBean in restartedMain 
Initialized JPA EntityManagerFactory for persistence unit 'default'

2025-10-27 14:51:22,291 - [WARN] - from org.springframework.boot.autoconfigure.orm.jpa.JpaBaseConfiguration$JpaWebConfiguration in restartedMain 
spring.jpa.open-in-view is enabled by default. Therefore, database queries may be performed during view rendering. Explicitly configure spring.jpa.open-in-view to disable this warning

2025-10-27 14:51:22,394 - [INFO] - from org.springframework.boot.devtools.autoconfigure.OptionalLiveReloadServer in restartedMain 
LiveReload server is running on port 35729

2025-10-27 14:51:22,399 - [INFO] - from org.apache.coyote.http11.Http11NioProtocol in restartedMain 
Starting ProtocolHandler ["http-nio-8080"]

2025-10-27 14:51:22,407 - [INFO] - from org.springframework.boot.web.embedded.tomcat.TomcatWebServer in restartedMain 
Tomcat started on port 8080 (http) with context path '/'

2025-10-27 14:51:22,411 - [INFO] - from com.groovify.GroovifyApplication in restartedMain 
Started GroovifyApplication in 1.576 seconds (process running for 1.698)

2025-10-27 14:51:22,474 - [INFO] - from com.groovify.GroovifyApplication in restartedMain 
Starting MP3 import before web server startup...

2025-10-27 14:51:22,476 - [WARN] - from com.groovify.service.SongImportImpl in restartedMain 
File 'Classicals.de+-+Tchaikovsky+-+The+Seasons+-+03+-+March+-+Song+of+the+Lark.mp3' already exists

2025-10-27 14:51:22,477 - [WARN] - from com.groovify.service.SongImportImpl in restartedMain 
File 'Classicals.de+-+Tchaikovsky+-+The+Seasons+-+02+-+February+-+Carnival.mp3' already exists

2025-10-27 14:51:22,477 - [WARN] - from com.groovify.service.SongImportImpl in restartedMain 
File 'Classicals.de+-+Tchaikovsky+-+The+Seasons+-+01+-+January+-+At+the+Fireside.mp3' already exists

2025-10-27 14:51:22,477 - [INFO] - from com.groovify.GroovifyApplication in restartedMain 
MP3 import complete. Continuing startup...

2025-10-27 14:51:22,933 - [INFO] - from org.apache.catalina.core.ContainerBase.[Tomcat].[localhost].[/] in http-nio-8080-exec-1 
Initializing Spring DispatcherServlet 'dispatcherServlet'

2025-10-27 14:51:22,933 - [INFO] - from org.springframework.web.servlet.DispatcherServlet in http-nio-8080-exec-1 
Initializing Servlet 'dispatcherServlet'

2025-10-27 14:51:22,934 - [INFO] - from org.springframework.web.servlet.DispatcherServlet in http-nio-8080-exec-1 
Completed initialization in 1 ms

2025-10-27 14:51:23,035 - [WARN] - from org.thymeleaf.standard.processor.AbstractStandardFragmentInsertionTagProcessor in http-nio-8080-exec-1 
[THYMELEAF][http-nio-8080-exec-1][search] Deprecated unwrapped fragment expression "fragments/topbar :: topbar" found in template search, line 14, col 6. Please use the complete syntax of fragment expressions instead ("~{fragments/topbar :: topbar}"). The old, unwrapped syntax for fragment expressions will be removed in future versions of Thymeleaf.

2025-10-27 14:51:23,050 - [WARN] - from org.thymeleaf.standard.processor.AbstractStandardFragmentInsertionTagProcessor in http-nio-8080-exec-1 
[THYMELEAF][http-nio-8080-exec-1][search] Deprecated unwrapped fragment expression "fragments/navbar :: navbar" found in template search, line 19, col 6. Please use the complete syntax of fragment expressions instead ("~{fragments/navbar :: navbar}"). The old, unwrapped syntax for fragment expressions will be removed in future versions of Thymeleaf.

2025-10-27 14:51:23,051 - [WARN] - from org.thymeleaf.standard.processor.AbstractStandardFragmentInsertionTagProcessor in http-nio-8080-exec-1 
[THYMELEAF][http-nio-8080-exec-1][search] Deprecated unwrapped fragment expression "fragments/session :: sessionTimeoutScripts" found in template search, line 24, col 6. Please use the complete syntax of fragment expressions instead ("~{fragments/session :: sessionTimeoutScripts}"). The old, unwrapped syntax for fragment expressions will be removed in future versions of Thymeleaf.

2025-10-27 14:52:17,730 - [INFO] - from org.springframework.boot.web.embedded.tomcat.GracefulShutdown in SpringApplicationShutdownHook 
Commencing graceful shutdown. Waiting for active requests to complete

2025-10-27 14:52:17,737 - [INFO] - from org.springframework.boot.web.embedded.tomcat.GracefulShutdown in tomcat-shutdown 
Graceful shutdown complete

2025-10-27 14:52:17,740 - [INFO] - from org.springframework.orm.jpa.LocalContainerEntityManagerFactoryBean in SpringApplicationShutdownHook 
Closing JPA EntityManagerFactory for persistence unit 'default'

2025-10-27 14:52:17,742 - [INFO] - from com.zaxxer.hikari.HikariDataSource in SpringApplicationShutdownHook 
HikariPool-1 - Shutdown initiated...

2025-10-27 14:52:17,746 - [INFO] - from com.zaxxer.hikari.HikariDataSource in SpringApplicationShutdownHook 
HikariPool-1 - Shutdown completed.

2025-10-27 14:52:21,438 - [INFO] - from org.hibernate.validator.internal.util.Version in background-preinit 
HV000001: Hibernate Validator 8.0.3.Final

2025-10-27 14:52:21,453 - [INFO] - from com.groovify.GroovifyApplication in restartedMain 
Starting GroovifyApplication using Java 21.0.4 with PID 20512 (/Users/jaceclaassen/Desktop/Groovify/build/classes/java/main started by jaceclaassen in /Users/jaceclaassen/Desktop/Groovify)

2025-10-27 14:52:21,453 - [INFO] - from com.groovify.GroovifyApplication in restartedMain 
No active profile set, falling back to 1 default profile: "default"

2025-10-27 14:52:21,466 - [INFO] - from org.springframework.boot.devtools.env.DevToolsPropertyDefaultsPostProcessor in restartedMain 
Devtools property defaults active! Set 'spring.devtools.add-properties' to 'false' to disable

2025-10-27 14:52:21,466 - [INFO] - from org.springframework.boot.devtools.env.DevToolsPropertyDefaultsPostProcessor in restartedMain 
For additional web related logging consider setting the 'logging.level.web' property to 'DEBUG'

2025-10-27 14:52:21,678 - [INFO] - from org.springframework.data.repository.config.RepositoryConfigurationDelegate in restartedMain 
Bootstrapping Spring Data JPA repositories in DEFAULT mode.

2025-10-27 14:52:21,699 - [INFO] - from org.springframework.data.repository.config.RepositoryConfigurationDelegate in restartedMain 
Finished Spring Data repository scanning in 18 ms. Found 4 JPA repository interfaces.

2025-10-27 14:52:21,886 - [INFO] - from org.springframework.boot.web.embedded.tomcat.TomcatWebServer in restartedMain 
Tomcat initialized with port 8080 (http)

2025-10-27 14:52:21,891 - [INFO] - from org.apache.coyote.http11.Http11NioProtocol in restartedMain 
Initializing ProtocolHandler ["http-nio-8080"]

2025-10-27 14:52:21,892 - [INFO] - from org.apache.catalina.core.StandardService in restartedMain 
Starting service [Tomcat]

2025-10-27 14:52:21,893 - [INFO] - from org.apache.catalina.core.StandardEngine in restartedMain 
Starting Servlet engine: [Apache Tomcat/10.1.44]

2025-10-27 14:52:21,907 - [INFO] - from org.apache.catalina.core.ContainerBase.[Tomcat].[localhost].[/] in restartedMain 
Initializing Spring embedded WebApplicationContext

2025-10-27 14:52:21,908 - [INFO] - from org.springframework.boot.web.servlet.context.ServletWebServerApplicationContext in restartedMain 
Root WebApplicationContext: initialization completed in 442 ms

2025-10-27 14:52:22,007 - [INFO] - from org.hibernate.jpa.internal.util.LogHelper in restartedMain 
HHH000204: Processing PersistenceUnitInfo [name: default]

2025-10-27 14:52:22,047 - [INFO] - from org.hibernate.Version in restartedMain 
HHH000412: Hibernate ORM core version 6.6.26.Final

2025-10-27 14:52:22,059 - [INFO] - from org.hibernate.cache.internal.RegionFactoryInitiator in restartedMain 
HHH000026: Second-level cache disabled

2025-10-27 14:52:22,158 - [INFO] - from org.springframework.orm.jpa.persistenceunit.SpringPersistenceUnitInfo in restartedMain 
No LoadTimeWeaver setup: ignoring JPA class transformer

2025-10-27 14:52:22,167 - [INFO] - from com.zaxxer.hikari.HikariDataSource in restartedMain 
HikariPool-1 - Starting...

2025-10-27 14:52:22,286 - [INFO] - from com.zaxxer.hikari.pool.HikariPool in restartedMain 
HikariPool-1 - Added connection com.mysql.cj.jdbc.ConnectionImpl@74e742a1

2025-10-27 14:52:22,287 - [INFO] - from com.zaxxer.hikari.HikariDataSource in restartedMain 
HikariPool-1 - Start completed.

2025-10-27 14:52:22,304 - [WARN] - from org.hibernate.orm.deprecation in restartedMain 
HHH90000025: MySQL8Dialect does not need to be specified explicitly using 'hibernate.dialect' (remove the property setting and it will be selected by default)

2025-10-27 14:52:22,305 - [WARN] - from org.hibernate.orm.deprecation in restartedMain 
HHH90000026: MySQL8Dialect has been deprecated; use org.hibernate.dialect.MySQLDialect instead

2025-10-27 14:52:22,310 - [INFO] - from org.hibernate.orm.connections.pooling in restartedMain 
HHH10001005: Database info:
	Database JDBC URL [Connecting through datasource 'HikariDataSource (HikariPool-1)']
	Database driver: undefined/unknown
	Database version: 8.0
	Autocommit mode: undefined/unknown
	Isolation level: undefined/unknown
	Minimum pool size: undefined/unknown
	Maximum pool size: undefined/unknown

2025-10-27 14:52:22,616 - [INFO] - from org.hibernate.engine.transaction.jta.platform.internal.JtaPlatformInitiator in restartedMain 
HHH000489: No JTA platform available (set 'hibernate.transaction.jta.platform' to enable JTA platform integration)

2025-10-27 14:52:22,660 - [INFO] - from org.springframework.orm.jpa.LocalContainerEntityManagerFactoryBean in restartedMain 
Initialized JPA EntityManagerFactory for persistence unit 'default'

2025-10-27 14:52:22,785 - [WARN] - from org.springframework.boot.autoconfigure.orm.jpa.JpaBaseConfiguration$JpaWebConfiguration in restartedMain 
spring.jpa.open-in-view is enabled by default. Therefore, database queries may be performed during view rendering. Explicitly configure spring.jpa.open-in-view to disable this warning

2025-10-27 14:52:22,890 - [INFO] - from org.springframework.boot.devtools.autoconfigure.OptionalLiveReloadServer in restartedMain 
LiveReload server is running on port 35729

2025-10-27 14:52:22,896 - [INFO] - from org.apache.coyote.http11.Http11NioProtocol in restartedMain 
Starting ProtocolHandler ["http-nio-8080"]

2025-10-27 14:52:22,901 - [INFO] - from org.springframework.boot.web.embedded.tomcat.TomcatWebServer in restartedMain 
Tomcat started on port 8080 (http) with context path '/'

2025-10-27 14:52:22,905 - [INFO] - from com.groovify.GroovifyApplication in restartedMain 
Started GroovifyApplication in 1.607 seconds (process running for 1.731)

2025-10-27 14:52:22,967 - [INFO] - from com.groovify.GroovifyApplication in restartedMain 
Starting MP3 import before web server startup...

2025-10-27 14:52:22,970 - [WARN] - from com.groovify.service.SongImportImpl in restartedMain 
File 'Classicals.de+-+Tchaikovsky+-+The+Seasons+-+03+-+March+-+Song+of+the+Lark.mp3' already exists

2025-10-27 14:52:22,971 - [WARN] - from com.groovify.service.SongImportImpl in restartedMain 
File 'Classicals.de+-+Tchaikovsky+-+The+Seasons+-+02+-+February+-+Carnival.mp3' already exists

2025-10-27 14:52:22,972 - [WARN] - from com.groovify.service.SongImportImpl in restartedMain 
File 'Classicals.de+-+Tchaikovsky+-+The+Seasons+-+01+-+January+-+At+the+Fireside.mp3' already exists

2025-10-27 14:52:22,972 - [INFO] - from com.groovify.GroovifyApplication in restartedMain 
MP3 import complete. Continuing startup...

2025-10-27 14:52:23,387 - [INFO] - from org.apache.catalina.core.ContainerBase.[Tomcat].[localhost].[/] in http-nio-8080-exec-1 
Initializing Spring DispatcherServlet 'dispatcherServlet'

2025-10-27 14:52:23,387 - [INFO] - from org.springframework.web.servlet.DispatcherServlet in http-nio-8080-exec-1 
Initializing Servlet 'dispatcherServlet'

2025-10-27 14:52:23,388 - [INFO] - from org.springframework.web.servlet.DispatcherServlet in http-nio-8080-exec-1 
Completed initialization in 1 ms

2025-10-27 14:52:23,488 - [WARN] - from org.thymeleaf.standard.processor.AbstractStandardFragmentInsertionTagProcessor in http-nio-8080-exec-1 
[THYMELEAF][http-nio-8080-exec-1][search] Deprecated unwrapped fragment expression "fragments/topbar :: topbar" found in template search, line 14, col 6. Please use the complete syntax of fragment expressions instead ("~{fragments/topbar :: topbar}"). The old, unwrapped syntax for fragment expressions will be removed in future versions of Thymeleaf.

2025-10-27 14:52:23,504 - [WARN] - from org.thymeleaf.standard.processor.AbstractStandardFragmentInsertionTagProcessor in http-nio-8080-exec-1 
[THYMELEAF][http-nio-8080-exec-1][search] Deprecated unwrapped fragment expression "fragments/navbar :: navbar" found in template search, line 19, col 6. Please use the complete syntax of fragment expressions instead ("~{fragments/navbar :: navbar}"). The old, unwrapped syntax for fragment expressions will be removed in future versions of Thymeleaf.

2025-10-27 14:52:23,505 - [WARN] - from org.thymeleaf.standard.processor.AbstractStandardFragmentInsertionTagProcessor in http-nio-8080-exec-1 
[THYMELEAF][http-nio-8080-exec-1][search] Deprecated unwrapped fragment expression "fragments/session :: sessionTimeoutScripts" found in template search, line 24, col 6. Please use the complete syntax of fragment expressions instead ("~{fragments/session :: sessionTimeoutScripts}"). The old, unwrapped syntax for fragment expressions will be removed in future versions of Thymeleaf.

2025-10-27 14:52:24,703 - [WARN] - from org.thymeleaf.standard.processor.AbstractStandardFragmentInsertionTagProcessor in http-nio-8080-exec-9 
[THYMELEAF][http-nio-8080-exec-9][home] Deprecated unwrapped fragment expression "fragments/topbar :: topbar" found in template home, line 14, col 6. Please use the complete syntax of fragment expressions instead ("~{fragments/topbar :: topbar}"). The old, unwrapped syntax for fragment expressions will be removed in future versions of Thymeleaf.

2025-10-27 14:52:24,706 - [WARN] - from org.thymeleaf.standard.processor.AbstractStandardFragmentInsertionTagProcessor in http-nio-8080-exec-9 
[THYMELEAF][http-nio-8080-exec-9][home] Deprecated unwrapped fragment expression "fragments/navbar :: navbar" found in template home, line 17, col 6. Please use the complete syntax of fragment expressions instead ("~{fragments/navbar :: navbar}"). The old, unwrapped syntax for fragment expressions will be removed in future versions of Thymeleaf.

2025-10-27 14:52:24,708 - [WARN] - from org.thymeleaf.standard.processor.AbstractStandardFragmentInsertionTagProcessor in http-nio-8080-exec-9 
[THYMELEAF][http-nio-8080-exec-9][home] Deprecated unwrapped fragment expression "fragments/session :: sessionTimeoutScripts" found in template home, line 20, col 6. Please use the complete syntax of fragment expressions instead ("~{fragments/session :: sessionTimeoutScripts}"). The old, unwrapped syntax for fragment expressions will be removed in future versions of Thymeleaf.

2025-10-27 14:52:25,465 - [WARN] - from org.thymeleaf.standard.processor.AbstractStandardFragmentInsertionTagProcessor in http-nio-8080-exec-10 
[THYMELEAF][http-nio-8080-exec-10][songs] Deprecated unwrapped fragment expression "fragments/topbar :: topbar" found in template songs, line 15, col 6. Please use the complete syntax of fragment expressions instead ("~{fragments/topbar :: topbar}"). The old, unwrapped syntax for fragment expressions will be removed in future versions of Thymeleaf.

2025-10-27 14:52:25,473 - [WARN] - from org.thymeleaf.standard.processor.AbstractStandardFragmentInsertionTagProcessor in http-nio-8080-exec-10 
[THYMELEAF][http-nio-8080-exec-10][songs] Deprecated unwrapped fragment expression "fragments/mediaplayer :: mediaplayer" found in template songs, line 40, col 6. Please use the complete syntax of fragment expressions instead ("~{fragments/mediaplayer :: mediaplayer}"). The old, unwrapped syntax for fragment expressions will be removed in future versions of Thymeleaf.

2025-10-27 14:52:25,474 - [WARN] - from org.thymeleaf.standard.processor.AbstractStandardFragmentInsertionTagProcessor in http-nio-8080-exec-10 
[THYMELEAF][http-nio-8080-exec-10][songs] Deprecated unwrapped fragment expression "fragments/navbar :: navbar" found in template songs, line 42, col 6. Please use the complete syntax of fragment expressions instead ("~{fragments/navbar :: navbar}"). The old, unwrapped syntax for fragment expressions will be removed in future versions of Thymeleaf.

2025-10-27 14:52:25,475 - [WARN] - from org.thymeleaf.standard.processor.AbstractStandardFragmentInsertionTagProcessor in http-nio-8080-exec-10 
[THYMELEAF][http-nio-8080-exec-10][songs] Deprecated unwrapped fragment expression "fragments/session :: sessionTimeoutScripts" found in template songs, line 52, col 6. Please use the complete syntax of fragment expressions instead ("~{fragments/session :: sessionTimeoutScripts}"). The old, unwrapped syntax for fragment expressions will be removed in future versions of Thymeleaf.

2025-10-27 14:52:26,129 - [WARN] - from org.thymeleaf.standard.processor.AbstractStandardFragmentInsertionTagProcessor in http-nio-8080-exec-2 
[THYMELEAF][http-nio-8080-exec-2][playlists] Deprecated unwrapped fragment expression "fragments/topbar :: topbar" found in template playlists, line 14, col 6. Please use the complete syntax of fragment expressions instead ("~{fragments/topbar :: topbar}"). The old, unwrapped syntax for fragment expressions will be removed in future versions of Thymeleaf.

2025-10-27 14:52:26,133 - [WARN] - from org.thymeleaf.standard.processor.AbstractStandardFragmentInsertionTagProcessor in http-nio-8080-exec-2 
[THYMELEAF][http-nio-8080-exec-2][playlists] Deprecated unwrapped fragment expression "fragments/navbar :: navbar" found in template playlists, line 19, col 6. Please use the complete syntax of fragment expressions instead ("~{fragments/navbar :: navbar}"). The old, unwrapped syntax for fragment expressions will be removed in future versions of Thymeleaf.

2025-10-27 14:52:26,135 - [WARN] - from org.thymeleaf.standard.processor.AbstractStandardFragmentInsertionTagProcessor in http-nio-8080-exec-2 
[THYMELEAF][http-nio-8080-exec-2][playlists] Deprecated unwrapped fragment expression "fragments/session :: sessionTimeoutScripts" found in template playlists, line 24, col 6. Please use the complete syntax of fragment expressions instead ("~{fragments/session :: sessionTimeoutScripts}"). The old, unwrapped syntax for fragment expressions will be removed in future versions of Thymeleaf.

2025-10-27 14:52:27,096 - [WARN] - from org.thymeleaf.standard.processor.AbstractStandardFragmentInsertionTagProcessor in http-nio-8080-exec-1 
[THYMELEAF][http-nio-8080-exec-1][search] Deprecated unwrapped fragment expression "fragments/topbar :: topbar" found in template search, line 14, col 6. Please use the complete syntax of fragment expressions instead ("~{fragments/topbar :: topbar}"). The old, unwrapped syntax for fragment expressions will be removed in future versions of Thymeleaf.

2025-10-27 14:52:27,100 - [WARN] - from org.thymeleaf.standard.processor.AbstractStandardFragmentInsertionTagProcessor in http-nio-8080-exec-1 
[THYMELEAF][http-nio-8080-exec-1][search] Deprecated unwrapped fragment expression "fragments/navbar :: navbar" found in template search, line 19, col 6. Please use the complete syntax of fragment expressions instead ("~{fragments/navbar :: navbar}"). The old, unwrapped syntax for fragment expressions will be removed in future versions of Thymeleaf.

2025-10-27 14:52:27,102 - [WARN] - from org.thymeleaf.standard.processor.AbstractStandardFragmentInsertionTagProcessor in http-nio-8080-exec-1 
[THYMELEAF][http-nio-8080-exec-1][search] Deprecated unwrapped fragment expression "fragments/session :: sessionTimeoutScripts" found in template search, line 24, col 6. Please use the complete syntax of fragment expressions instead ("~{fragments/session :: sessionTimeoutScripts}"). The old, unwrapped syntax for fragment expressions will be removed in future versions of Thymeleaf.

2025-10-27 14:52:28,858 - [WARN] - from org.thymeleaf.standard.processor.AbstractStandardFragmentInsertionTagProcessor in http-nio-8080-exec-9 
[THYMELEAF][http-nio-8080-exec-9][profile] Deprecated unwrapped fragment expression "fragments/navbar :: navbar" found in template profile, line 66, col 6. Please use the complete syntax of fragment expressions instead ("~{fragments/navbar :: navbar}"). The old, unwrapped syntax for fragment expressions will be removed in future versions of Thymeleaf.

2025-10-27 14:52:28,859 - [WARN] - from org.thymeleaf.standard.processor.AbstractStandardFragmentInsertionTagProcessor in http-nio-8080-exec-9 
[THYMELEAF][http-nio-8080-exec-9][profile] Deprecated unwrapped fragment expression "fragments/session :: sessionTimeoutScripts" found in template profile, line 68, col 6. Please use the complete syntax of fragment expressions instead ("~{fragments/session :: sessionTimeoutScripts}"). The old, unwrapped syntax for fragment expressions will be removed in future versions of Thymeleaf.

2025-10-27 14:52:30,777 - [WARN] - from org.thymeleaf.standard.processor.AbstractStandardFragmentInsertionTagProcessor in http-nio-8080-exec-2 
[THYMELEAF][http-nio-8080-exec-2][playlists] Deprecated unwrapped fragment expression "fragments/topbar :: topbar" found in template playlists, line 14, col 6. Please use the complete syntax of fragment expressions instead ("~{fragments/topbar :: topbar}"). The old, unwrapped syntax for fragment expressions will be removed in future versions of Thymeleaf.

2025-10-27 14:52:30,780 - [WARN] - from org.thymeleaf.standard.processor.AbstractStandardFragmentInsertionTagProcessor in http-nio-8080-exec-2 
[THYMELEAF][http-nio-8080-exec-2][playlists] Deprecated unwrapped fragment expression "fragments/navbar :: navbar" found in template playlists, line 19, col 6. Please use the complete syntax of fragment expressions instead ("~{fragments/navbar :: navbar}"). The old, unwrapped syntax for fragment expressions will be removed in future versions of Thymeleaf.

2025-10-27 14:52:30,782 - [WARN] - from org.thymeleaf.standard.processor.AbstractStandardFragmentInsertionTagProcessor in http-nio-8080-exec-2 
[THYMELEAF][http-nio-8080-exec-2][playlists] Deprecated unwrapped fragment expression "fragments/session :: sessionTimeoutScripts" found in template playlists, line 24, col 6. Please use the complete syntax of fragment expressions instead ("~{fragments/session :: sessionTimeoutScripts}"). The old, unwrapped syntax for fragment expressions will be removed in future versions of Thymeleaf.

2025-10-27 14:52:31,701 - [WARN] - from org.thymeleaf.standard.processor.AbstractStandardFragmentInsertionTagProcessor in http-nio-8080-exec-8 
[THYMELEAF][http-nio-8080-exec-8][songs] Deprecated unwrapped fragment expression "fragments/topbar :: topbar" found in template songs, line 15, col 6. Please use the complete syntax of fragment expressions instead ("~{fragments/topbar :: topbar}"). The old, unwrapped syntax for fragment expressions will be removed in future versions of Thymeleaf.

2025-10-27 14:52:31,706 - [WARN] - from org.thymeleaf.standard.processor.AbstractStandardFragmentInsertionTagProcessor in http-nio-8080-exec-8 
[THYMELEAF][http-nio-8080-exec-8][songs] Deprecated unwrapped fragment expression "fragments/mediaplayer :: mediaplayer" found in template songs, line 40, col 6. Please use the complete syntax of fragment expressions instead ("~{fragments/mediaplayer :: mediaplayer}"). The old, unwrapped syntax for fragment expressions will be removed in future versions of Thymeleaf.

2025-10-27 14:52:31,708 - [WARN] - from org.thymeleaf.standard.processor.AbstractStandardFragmentInsertionTagProcessor in http-nio-8080-exec-8 
[THYMELEAF][http-nio-8080-exec-8][songs] Deprecated unwrapped fragment expression "fragments/navbar :: navbar" found in template songs, line 42, col 6. Please use the complete syntax of fragment expressions instead ("~{fragments/navbar :: navbar}"). The old, unwrapped syntax for fragment expressions will be removed in future versions of Thymeleaf.

2025-10-27 14:52:31,710 - [WARN] - from org.thymeleaf.standard.processor.AbstractStandardFragmentInsertionTagProcessor in http-nio-8080-exec-8 
[THYMELEAF][http-nio-8080-exec-8][songs] Deprecated unwrapped fragment expression "fragments/session :: sessionTimeoutScripts" found in template songs, line 52, col 6. Please use the complete syntax of fragment expressions instead ("~{fragments/session :: sessionTimeoutScripts}"). The old, unwrapped syntax for fragment expressions will be removed in future versions of Thymeleaf.

2025-10-27 14:52:32,562 - [WARN] - from org.thymeleaf.standard.processor.AbstractStandardFragmentInsertionTagProcessor in http-nio-8080-exec-3 
[THYMELEAF][http-nio-8080-exec-3][search] Deprecated unwrapped fragment expression "fragments/topbar :: topbar" found in template search, line 14, col 6. Please use the complete syntax of fragment expressions instead ("~{fragments/topbar :: topbar}"). The old, unwrapped syntax for fragment expressions will be removed in future versions of Thymeleaf.

2025-10-27 14:52:32,566 - [WARN] - from org.thymeleaf.standard.processor.AbstractStandardFragmentInsertionTagProcessor in http-nio-8080-exec-3 
[THYMELEAF][http-nio-8080-exec-3][search] Deprecated unwrapped fragment expression "fragments/navbar :: navbar" found in template search, line 19, col 6. Please use the complete syntax of fragment expressions instead ("~{fragments/navbar :: navbar}"). The old, unwrapped syntax for fragment expressions will be removed in future versions of Thymeleaf.

2025-10-27 14:52:32,568 - [WARN] - from org.thymeleaf.standard.processor.AbstractStandardFragmentInsertionTagProcessor in http-nio-8080-exec-3 
[THYMELEAF][http-nio-8080-exec-3][search] Deprecated unwrapped fragment expression "fragments/session :: sessionTimeoutScripts" found in template search, line 24, col 6. Please use the complete syntax of fragment expressions instead ("~{fragments/session :: sessionTimeoutScripts}"). The old, unwrapped syntax for fragment expressions will be removed in future versions of Thymeleaf.

2025-10-27 14:52:34,893 - [INFO] - from org.springframework.boot.web.embedded.tomcat.GracefulShutdown in SpringApplicationShutdownHook 
Commencing graceful shutdown. Waiting for active requests to complete

2025-10-27 14:52:34,900 - [INFO] - from org.springframework.boot.web.embedded.tomcat.GracefulShutdown in tomcat-shutdown 
Graceful shutdown complete

2025-10-27 14:52:34,903 - [INFO] - from org.springframework.orm.jpa.LocalContainerEntityManagerFactoryBean in SpringApplicationShutdownHook 
Closing JPA EntityManagerFactory for persistence unit 'default'

2025-10-27 14:52:34,906 - [INFO] - from com.zaxxer.hikari.HikariDataSource in SpringApplicationShutdownHook 
HikariPool-1 - Shutdown initiated...

2025-10-27 14:52:34,908 - [INFO] - from com.zaxxer.hikari.HikariDataSource in SpringApplicationShutdownHook 
HikariPool-1 - Shutdown completed.

2025-10-24 07:29:22,868 - [INFO] - from org.hibernate.validator.internal.util.Version in background-preinit 
HV000001: Hibernate Validator 8.0.3.Final

2025-10-24 07:29:23,000 - [INFO] - from com.groovify.GroovifyApplication in restartedMain 
Starting GroovifyApplication using Java 21.0.7 with PID 3328 (C:\Users\zackg\CS341-Projects\Groovify\build\classes\java\main started by zgacnik in C:\Users\zackg\CS341-Projects\Groovify)

2025-10-24 07:29:23,000 - [INFO] - from com.groovify.GroovifyApplication in restartedMain 
No active profile set, falling back to 1 default profile: "default"

2025-10-24 07:29:23,102 - [INFO] - from org.springframework.boot.devtools.env.DevToolsPropertyDefaultsPostProcessor in restartedMain 
Devtools property defaults active! Set 'spring.devtools.add-properties' to 'false' to disable

2025-10-24 07:29:23,102 - [INFO] - from org.springframework.boot.devtools.env.DevToolsPropertyDefaultsPostProcessor in restartedMain 
For additional web related logging consider setting the 'logging.level.web' property to 'DEBUG'

2025-10-24 07:29:24,587 - [INFO] - from org.springframework.data.repository.config.RepositoryConfigurationDelegate in restartedMain 
Bootstrapping Spring Data JPA repositories in DEFAULT mode.

2025-10-24 07:29:24,731 - [INFO] - from org.springframework.data.repository.config.RepositoryConfigurationDelegate in restartedMain 
Finished Spring Data repository scanning in 129 ms. Found 4 JPA repository interfaces.

2025-10-24 07:29:25,814 - [INFO] - from org.springframework.boot.web.embedded.tomcat.TomcatWebServer in restartedMain 
Tomcat initialized with port 8080 (http)

2025-10-24 07:29:25,831 - [INFO] - from org.apache.coyote.http11.Http11NioProtocol in restartedMain 
Initializing ProtocolHandler ["http-nio-8080"]

2025-10-24 07:29:25,831 - [INFO] - from org.apache.catalina.core.StandardService in restartedMain 
Starting service [Tomcat]

2025-10-24 07:29:25,831 - [INFO] - from org.apache.catalina.core.StandardEngine in restartedMain 
Starting Servlet engine: [Apache Tomcat/10.1.44]

2025-10-24 07:29:25,927 - [INFO] - from org.apache.catalina.core.ContainerBase.[Tomcat].[localhost].[/] in restartedMain 
Initializing Spring embedded WebApplicationContext

2025-10-24 07:29:25,927 - [INFO] - from org.springframework.boot.web.servlet.context.ServletWebServerApplicationContext in restartedMain 
Root WebApplicationContext: initialization completed in 2822 ms

2025-10-24 07:29:26,218 - [INFO] - from org.hibernate.jpa.internal.util.LogHelper in restartedMain 
HHH000204: Processing PersistenceUnitInfo [name: default]

2025-10-24 07:29:26,385 - [INFO] - from org.hibernate.Version in restartedMain 
HHH000412: Hibernate ORM core version 6.6.26.Final

2025-10-24 07:29:26,460 - [INFO] - from org.hibernate.cache.internal.RegionFactoryInitiator in restartedMain 
HHH000026: Second-level cache disabled

2025-10-24 07:29:27,172 - [INFO] - from org.springframework.orm.jpa.persistenceunit.SpringPersistenceUnitInfo in restartedMain 
No LoadTimeWeaver setup: ignoring JPA class transformer

2025-10-24 07:29:27,234 - [INFO] - from com.zaxxer.hikari.HikariDataSource in restartedMain 
HikariPool-1 - Starting...

2025-10-24 07:29:28,092 - [INFO] - from com.zaxxer.hikari.pool.HikariPool in restartedMain 
HikariPool-1 - Added connection com.mysql.cj.jdbc.ConnectionImpl@49171f59

2025-10-24 07:29:28,094 - [INFO] - from com.zaxxer.hikari.HikariDataSource in restartedMain 
HikariPool-1 - Start completed.

2025-10-24 07:29:28,277 - [WARN] - from org.hibernate.orm.deprecation in restartedMain 
HHH90000025: MySQL8Dialect does not need to be specified explicitly using 'hibernate.dialect' (remove the property setting and it will be selected by default)

2025-10-24 07:29:28,282 - [WARN] - from org.hibernate.orm.deprecation in restartedMain 
HHH90000026: MySQL8Dialect has been deprecated; use org.hibernate.dialect.MySQLDialect instead

2025-10-24 07:29:28,310 - [INFO] - from org.hibernate.orm.connections.pooling in restartedMain 
HHH10001005: Database info:
	Database JDBC URL [Connecting through datasource 'HikariDataSource (HikariPool-1)']
	Database driver: undefined/unknown
	Database version: 8.0
	Autocommit mode: undefined/unknown
	Isolation level: undefined/unknown
	Minimum pool size: undefined/unknown
	Maximum pool size: undefined/unknown

2025-10-24 07:29:30,097 - [INFO] - from org.hibernate.engine.transaction.jta.platform.internal.JtaPlatformInitiator in restartedMain 
HHH000489: No JTA platform available (set 'hibernate.transaction.jta.platform' to enable JTA platform integration)

2025-10-24 07:29:31,407 - [INFO] - from org.springframework.orm.jpa.LocalContainerEntityManagerFactoryBean in restartedMain 
Initialized JPA EntityManagerFactory for persistence unit 'default'

2025-10-24 07:29:32,021 - [WARN] - from org.springframework.boot.autoconfigure.orm.jpa.JpaBaseConfiguration$JpaWebConfiguration in restartedMain 
spring.jpa.open-in-view is enabled by default. Therefore, database queries may be performed during view rendering. Explicitly configure spring.jpa.open-in-view to disable this warning

2025-10-24 07:29:32,612 - [INFO] - from org.springframework.boot.devtools.autoconfigure.OptionalLiveReloadServer in restartedMain 
LiveReload server is running on port 35729

2025-10-24 07:29:32,630 - [INFO] - from org.apache.coyote.http11.Http11NioProtocol in restartedMain 
Starting ProtocolHandler ["http-nio-8080"]

2025-10-24 07:29:32,662 - [INFO] - from org.springframework.boot.web.embedded.tomcat.TomcatWebServer in restartedMain 
Tomcat started on port 8080 (http) with context path '/'

2025-10-24 07:29:32,671 - [INFO] - from com.groovify.GroovifyApplication in restartedMain 
Started GroovifyApplication in 11.003 seconds (process running for 11.941)

2025-10-24 07:29:32,678 - [INFO] - from com.groovify.GroovifyApplication in restartedMain 
Starting MP3 import before web server startup...

2025-10-24 07:29:32,939 - [INFO] - from com.groovify.service.SongImportImpl in restartedMain 
Importing 'Classicals.de+-+Tchaikovsky+-+The+Seasons+-+01+-+January+-+At+the+Fireside.mp3'

2025-10-24 07:29:32,987 - [INFO] - from com.groovify.service.SongImportImpl in restartedMain 
Song info: 'Classicals.de+-+Tchaikovsky+-+The+Seasons+-+01+-+January+-+At+the+Fireside.mp3': 'Unknown'

2025-10-24 07:29:33,088 - [INFO] - from com.groovify.service.SongImportImpl in restartedMain 
Imported: 'Classicals.de+-+Tchaikovsky+-+The+Seasons+-+01+-+January+-+At+the+Fireside.mp3'

2025-10-24 07:29:33,088 - [INFO] - from com.groovify.service.SongImportImpl in restartedMain 
Importing 'Classicals.de+-+Tchaikovsky+-+The+Seasons+-+02+-+February+-+Carnival.mp3'

2025-10-24 07:29:33,102 - [INFO] - from com.groovify.service.SongImportImpl in restartedMain 
Song info: 'Classicals.de+-+Tchaikovsky+-+The+Seasons+-+02+-+February+-+Carnival.mp3': 'Unknown'

2025-10-24 07:29:33,121 - [INFO] - from com.groovify.service.SongImportImpl in restartedMain 
Imported: 'Classicals.de+-+Tchaikovsky+-+The+Seasons+-+02+-+February+-+Carnival.mp3'

2025-10-24 07:29:33,125 - [INFO] - from com.groovify.service.SongImportImpl in restartedMain 
Importing 'Classicals.de+-+Tchaikovsky+-+The+Seasons+-+03+-+March+-+Song+of+the+Lark.mp3'

2025-10-24 07:29:33,134 - [INFO] - from com.groovify.service.SongImportImpl in restartedMain 
Song info: 'Classicals.de+-+Tchaikovsky+-+The+Seasons+-+03+-+March+-+Song+of+the+Lark.mp3': 'Unknown'

2025-10-24 07:29:33,142 - [INFO] - from com.groovify.service.SongImportImpl in restartedMain 
Imported: 'Classicals.de+-+Tchaikovsky+-+The+Seasons+-+03+-+March+-+Song+of+the+Lark.mp3'

2025-10-24 07:29:33,144 - [INFO] - from com.groovify.GroovifyApplication in restartedMain 
MP3 import complete. Continuing startup...

2025-10-24 07:29:45,158 - [INFO] - from org.apache.catalina.core.ContainerBase.[Tomcat].[localhost].[/] in http-nio-8080-exec-1 
Initializing Spring DispatcherServlet 'dispatcherServlet'

2025-10-24 07:29:45,158 - [INFO] - from org.springframework.web.servlet.DispatcherServlet in http-nio-8080-exec-1 
Initializing Servlet 'dispatcherServlet'

2025-10-24 07:29:45,160 - [INFO] - from org.springframework.web.servlet.DispatcherServlet in http-nio-8080-exec-1 
Completed initialization in 2 ms

2025-10-24 07:29:53,627 - [INFO] - from com.groovify.web.controller.LandingController in http-nio-8080-exec-4 
User 'zgacnik' attempting to log in

2025-10-24 07:29:53,689 - [INFO] - from com.groovify.web.controller.LandingController in http-nio-8080-exec-4 
User 'zgacnik' successfully logged in

2025-10-24 07:29:53,735 - [WARN] - from org.thymeleaf.standard.processor.AbstractStandardFragmentInsertionTagProcessor in http-nio-8080-exec-8 
[THYMELEAF][http-nio-8080-exec-8][home] Deprecated unwrapped fragment expression "fragments/topbar :: topbar" found in template home, line 14, col 6. Please use the complete syntax of fragment expressions instead ("~{fragments/topbar :: topbar}"). The old, unwrapped syntax for fragment expressions will be removed in future versions of Thymeleaf.

2025-10-24 07:29:53,814 - [WARN] - from org.thymeleaf.standard.processor.AbstractStandardFragmentInsertionTagProcessor in http-nio-8080-exec-8 
[THYMELEAF][http-nio-8080-exec-8][home] Deprecated unwrapped fragment expression "fragments/navbar :: navbar" found in template home, line 17, col 6. Please use the complete syntax of fragment expressions instead ("~{fragments/navbar :: navbar}"). The old, unwrapped syntax for fragment expressions will be removed in future versions of Thymeleaf.

2025-10-24 07:29:53,824 - [WARN] - from org.thymeleaf.standard.processor.AbstractStandardFragmentInsertionTagProcessor in http-nio-8080-exec-8 
[THYMELEAF][http-nio-8080-exec-8][home] Deprecated unwrapped fragment expression "fragments/session :: sessionTimeoutScripts" found in template home, line 20, col 6. Please use the complete syntax of fragment expressions instead ("~{fragments/session :: sessionTimeoutScripts}"). The old, unwrapped syntax for fragment expressions will be removed in future versions of Thymeleaf.

2025-10-24 07:30:08,173 - [WARN] - from org.thymeleaf.standard.processor.AbstractStandardFragmentInsertionTagProcessor in http-nio-8080-exec-2 
[THYMELEAF][http-nio-8080-exec-2][home] Deprecated unwrapped fragment expression "fragments/topbar :: topbar" found in template home, line 14, col 6. Please use the complete syntax of fragment expressions instead ("~{fragments/topbar :: topbar}"). The old, unwrapped syntax for fragment expressions will be removed in future versions of Thymeleaf.

2025-10-24 07:30:08,184 - [WARN] - from org.thymeleaf.standard.processor.AbstractStandardFragmentInsertionTagProcessor in http-nio-8080-exec-2 
[THYMELEAF][http-nio-8080-exec-2][home] Deprecated unwrapped fragment expression "fragments/navbar :: navbar" found in template home, line 17, col 6. Please use the complete syntax of fragment expressions instead ("~{fragments/navbar :: navbar}"). The old, unwrapped syntax for fragment expressions will be removed in future versions of Thymeleaf.

2025-10-24 07:30:08,188 - [WARN] - from org.thymeleaf.standard.processor.AbstractStandardFragmentInsertionTagProcessor in http-nio-8080-exec-2 
[THYMELEAF][http-nio-8080-exec-2][home] Deprecated unwrapped fragment expression "fragments/session :: sessionTimeoutScripts" found in template home, line 20, col 6. Please use the complete syntax of fragment expressions instead ("~{fragments/session :: sessionTimeoutScripts}"). The old, unwrapped syntax for fragment expressions will be removed in future versions of Thymeleaf.

2025-10-24 07:30:10,367 - [WARN] - from org.thymeleaf.standard.processor.AbstractStandardFragmentInsertionTagProcessor in http-nio-8080-exec-10 
[THYMELEAF][http-nio-8080-exec-10][songs] Deprecated unwrapped fragment expression "fragments/topbar :: topbar" found in template songs, line 15, col 6. Please use the complete syntax of fragment expressions instead ("~{fragments/topbar :: topbar}"). The old, unwrapped syntax for fragment expressions will be removed in future versions of Thymeleaf.

2025-10-24 07:30:10,396 - [WARN] - from org.thymeleaf.standard.processor.AbstractStandardFragmentInsertionTagProcessor in http-nio-8080-exec-10 
[THYMELEAF][http-nio-8080-exec-10][songs] Deprecated unwrapped fragment expression "fragments/mediaplayer :: mediaplayer" found in template songs, line 40, col 6. Please use the complete syntax of fragment expressions instead ("~{fragments/mediaplayer :: mediaplayer}"). The old, unwrapped syntax for fragment expressions will be removed in future versions of Thymeleaf.

2025-10-24 07:30:10,405 - [WARN] - from org.thymeleaf.standard.processor.AbstractStandardFragmentInsertionTagProcessor in http-nio-8080-exec-10 
[THYMELEAF][http-nio-8080-exec-10][songs] Deprecated unwrapped fragment expression "fragments/navbar :: navbar" found in template songs, line 42, col 6. Please use the complete syntax of fragment expressions instead ("~{fragments/navbar :: navbar}"). The old, unwrapped syntax for fragment expressions will be removed in future versions of Thymeleaf.

2025-10-24 07:30:10,417 - [WARN] - from org.thymeleaf.standard.processor.AbstractStandardFragmentInsertionTagProcessor in http-nio-8080-exec-10 
[THYMELEAF][http-nio-8080-exec-10][songs] Deprecated unwrapped fragment expression "fragments/session :: sessionTimeoutScripts" found in template songs, line 52, col 6. Please use the complete syntax of fragment expressions instead ("~{fragments/session :: sessionTimeoutScripts}"). The old, unwrapped syntax for fragment expressions will be removed in future versions of Thymeleaf.

2025-10-24 07:30:13,718 - [WARN] - from org.thymeleaf.standard.processor.AbstractStandardFragmentInsertionTagProcessor in http-nio-8080-exec-7 
[THYMELEAF][http-nio-8080-exec-7][search] Deprecated unwrapped fragment expression "fragments/topbar :: topbar" found in template search, line 14, col 6. Please use the complete syntax of fragment expressions instead ("~{fragments/topbar :: topbar}"). The old, unwrapped syntax for fragment expressions will be removed in future versions of Thymeleaf.

2025-10-24 07:30:13,727 - [WARN] - from org.thymeleaf.standard.processor.AbstractStandardFragmentInsertionTagProcessor in http-nio-8080-exec-7 
[THYMELEAF][http-nio-8080-exec-7][search] Deprecated unwrapped fragment expression "fragments/navbar :: navbar" found in template search, line 19, col 6. Please use the complete syntax of fragment expressions instead ("~{fragments/navbar :: navbar}"). The old, unwrapped syntax for fragment expressions will be removed in future versions of Thymeleaf.

2025-10-24 07:30:13,731 - [WARN] - from org.thymeleaf.standard.processor.AbstractStandardFragmentInsertionTagProcessor in http-nio-8080-exec-7 
[THYMELEAF][http-nio-8080-exec-7][search] Deprecated unwrapped fragment expression "fragments/session :: sessionTimeoutScripts" found in template search, line 24, col 6. Please use the complete syntax of fragment expressions instead ("~{fragments/session :: sessionTimeoutScripts}"). The old, unwrapped syntax for fragment expressions will be removed in future versions of Thymeleaf.

2025-10-24 07:30:14,724 - [WARN] - from org.thymeleaf.standard.processor.AbstractStandardFragmentInsertionTagProcessor in http-nio-8080-exec-1 
[THYMELEAF][http-nio-8080-exec-1][friends] Deprecated unwrapped fragment expression "fragments/topbar :: topbar" found in template friends, line 14, col 6. Please use the complete syntax of fragment expressions instead ("~{fragments/topbar :: topbar}"). The old, unwrapped syntax for fragment expressions will be removed in future versions of Thymeleaf.

2025-10-24 07:30:14,734 - [WARN] - from org.thymeleaf.standard.processor.AbstractStandardFragmentInsertionTagProcessor in http-nio-8080-exec-1 
[THYMELEAF][http-nio-8080-exec-1][friends] Deprecated unwrapped fragment expression "fragments/navbar :: navbar" found in template friends, line 19, col 6. Please use the complete syntax of fragment expressions instead ("~{fragments/navbar :: navbar}"). The old, unwrapped syntax for fragment expressions will be removed in future versions of Thymeleaf.

2025-10-24 07:30:14,739 - [WARN] - from org.thymeleaf.standard.processor.AbstractStandardFragmentInsertionTagProcessor in http-nio-8080-exec-1 
[THYMELEAF][http-nio-8080-exec-1][friends] Deprecated unwrapped fragment expression "fragments/session :: sessionTimeoutScripts" found in template friends, line 24, col 6. Please use the complete syntax of fragment expressions instead ("~{fragments/session :: sessionTimeoutScripts}"). The old, unwrapped syntax for fragment expressions will be removed in future versions of Thymeleaf.

2025-10-24 07:30:15,871 - [WARN] - from org.thymeleaf.standard.processor.AbstractStandardFragmentInsertionTagProcessor in http-nio-8080-exec-2 
[THYMELEAF][http-nio-8080-exec-2][playlists] Deprecated unwrapped fragment expression "fragments/topbar :: topbar" found in template playlists, line 14, col 6. Please use the complete syntax of fragment expressions instead ("~{fragments/topbar :: topbar}"). The old, unwrapped syntax for fragment expressions will be removed in future versions of Thymeleaf.

2025-10-24 07:30:15,886 - [WARN] - from org.thymeleaf.standard.processor.AbstractStandardFragmentInsertionTagProcessor in http-nio-8080-exec-2 
[THYMELEAF][http-nio-8080-exec-2][playlists] Deprecated unwrapped fragment expression "fragments/navbar :: navbar" found in template playlists, line 19, col 6. Please use the complete syntax of fragment expressions instead ("~{fragments/navbar :: navbar}"). The old, unwrapped syntax for fragment expressions will be removed in future versions of Thymeleaf.

2025-10-24 07:30:15,890 - [WARN] - from org.thymeleaf.standard.processor.AbstractStandardFragmentInsertionTagProcessor in http-nio-8080-exec-2 
[THYMELEAF][http-nio-8080-exec-2][playlists] Deprecated unwrapped fragment expression "fragments/session :: sessionTimeoutScripts" found in template playlists, line 24, col 6. Please use the complete syntax of fragment expressions instead ("~{fragments/session :: sessionTimeoutScripts}"). The old, unwrapped syntax for fragment expressions will be removed in future versions of Thymeleaf.

2025-10-24 07:30:16,903 - [WARN] - from org.thymeleaf.standard.processor.AbstractStandardFragmentInsertionTagProcessor in http-nio-8080-exec-9 
[THYMELEAF][http-nio-8080-exec-9][home] Deprecated unwrapped fragment expression "fragments/topbar :: topbar" found in template home, line 14, col 6. Please use the complete syntax of fragment expressions instead ("~{fragments/topbar :: topbar}"). The old, unwrapped syntax for fragment expressions will be removed in future versions of Thymeleaf.

2025-10-24 07:30:16,903 - [WARN] - from org.thymeleaf.standard.processor.AbstractStandardFragmentInsertionTagProcessor in http-nio-8080-exec-9 
[THYMELEAF][http-nio-8080-exec-9][home] Deprecated unwrapped fragment expression "fragments/navbar :: navbar" found in template home, line 17, col 6. Please use the complete syntax of fragment expressions instead ("~{fragments/navbar :: navbar}"). The old, unwrapped syntax for fragment expressions will be removed in future versions of Thymeleaf.

2025-10-24 07:30:16,918 - [WARN] - from org.thymeleaf.standard.processor.AbstractStandardFragmentInsertionTagProcessor in http-nio-8080-exec-9 
[THYMELEAF][http-nio-8080-exec-9][home] Deprecated unwrapped fragment expression "fragments/session :: sessionTimeoutScripts" found in template home, line 20, col 6. Please use the complete syntax of fragment expressions instead ("~{fragments/session :: sessionTimeoutScripts}"). The old, unwrapped syntax for fragment expressions will be removed in future versions of Thymeleaf.

2025-10-24 07:30:29,286 - [WARN] - from org.thymeleaf.standard.processor.AbstractStandardFragmentInsertionTagProcessor in http-nio-8080-exec-4 
[THYMELEAF][http-nio-8080-exec-4][profile] Deprecated unwrapped fragment expression "fragments/navbar :: navbar" found in template profile, line 66, col 6. Please use the complete syntax of fragment expressions instead ("~{fragments/navbar :: navbar}"). The old, unwrapped syntax for fragment expressions will be removed in future versions of Thymeleaf.

2025-10-24 07:30:29,291 - [WARN] - from org.thymeleaf.standard.processor.AbstractStandardFragmentInsertionTagProcessor in http-nio-8080-exec-4 
[THYMELEAF][http-nio-8080-exec-4][profile] Deprecated unwrapped fragment expression "fragments/session :: sessionTimeoutScripts" found in template profile, line 68, col 6. Please use the complete syntax of fragment expressions instead ("~{fragments/session :: sessionTimeoutScripts}"). The old, unwrapped syntax for fragment expressions will be removed in future versions of Thymeleaf.

2025-10-24 07:30:32,006 - [INFO] - from com.groovify.web.controller.LandingController in http-nio-8080-exec-1 
User 'zgacnik' logged out

2025-10-24 07:47:10,220 - [INFO] - from org.hibernate.validator.internal.util.Version in background-preinit 
HV000001: Hibernate Validator 8.0.3.Final

2025-10-24 07:47:10,322 - [INFO] - from com.groovify.GroovifyApplication in restartedMain 
Starting GroovifyApplication using Java 21.0.7 with PID 17312 (C:\Users\zackg\CS341-Projects\Groovify\build\classes\java\main started by zgacnik in C:\Users\zackg\CS341-Projects\Groovify)

2025-10-24 07:47:10,322 - [INFO] - from com.groovify.GroovifyApplication in restartedMain 
No active profile set, falling back to 1 default profile: "default"

2025-10-24 07:47:10,421 - [INFO] - from org.springframework.boot.devtools.env.DevToolsPropertyDefaultsPostProcessor in restartedMain 
Devtools property defaults active! Set 'spring.devtools.add-properties' to 'false' to disable

2025-10-24 07:47:10,423 - [INFO] - from org.springframework.boot.devtools.env.DevToolsPropertyDefaultsPostProcessor in restartedMain 
For additional web related logging consider setting the 'logging.level.web' property to 'DEBUG'

2025-10-24 07:47:11,595 - [INFO] - from org.springframework.data.repository.config.RepositoryConfigurationDelegate in restartedMain 
Bootstrapping Spring Data JPA repositories in DEFAULT mode.

2025-10-24 07:47:11,711 - [INFO] - from org.springframework.data.repository.config.RepositoryConfigurationDelegate in restartedMain 
Finished Spring Data repository scanning in 94 ms. Found 4 JPA repository interfaces.

2025-10-24 07:47:12,526 - [INFO] - from org.springframework.boot.web.embedded.tomcat.TomcatWebServer in restartedMain 
Tomcat initialized with port 8080 (http)

2025-10-24 07:47:12,541 - [INFO] - from org.apache.coyote.http11.Http11NioProtocol in restartedMain 
Initializing ProtocolHandler ["http-nio-8080"]

2025-10-24 07:47:12,541 - [INFO] - from org.apache.catalina.core.StandardService in restartedMain 
Starting service [Tomcat]

2025-10-24 07:47:12,541 - [INFO] - from org.apache.catalina.core.StandardEngine in restartedMain 
Starting Servlet engine: [Apache Tomcat/10.1.44]

2025-10-24 07:47:12,629 - [INFO] - from org.apache.catalina.core.ContainerBase.[Tomcat].[localhost].[/] in restartedMain 
Initializing Spring embedded WebApplicationContext

2025-10-24 07:47:12,629 - [INFO] - from org.springframework.boot.web.servlet.context.ServletWebServerApplicationContext in restartedMain 
Root WebApplicationContext: initialization completed in 2206 ms

2025-10-24 07:47:12,849 - [INFO] - from org.hibernate.jpa.internal.util.LogHelper in restartedMain 
HHH000204: Processing PersistenceUnitInfo [name: default]

2025-10-24 07:47:12,946 - [INFO] - from org.hibernate.Version in restartedMain 
HHH000412: Hibernate ORM core version 6.6.26.Final

2025-10-24 07:47:12,985 - [INFO] - from org.hibernate.cache.internal.RegionFactoryInitiator in restartedMain 
HHH000026: Second-level cache disabled

2025-10-24 07:47:13,384 - [INFO] - from org.springframework.orm.jpa.persistenceunit.SpringPersistenceUnitInfo in restartedMain 
No LoadTimeWeaver setup: ignoring JPA class transformer

2025-10-24 07:47:13,432 - [INFO] - from com.zaxxer.hikari.HikariDataSource in restartedMain 
HikariPool-1 - Starting...

2025-10-24 07:47:13,884 - [INFO] - from com.zaxxer.hikari.pool.HikariPool in restartedMain 
HikariPool-1 - Added connection com.mysql.cj.jdbc.ConnectionImpl@2dd7b3cc

2025-10-24 07:47:13,886 - [INFO] - from com.zaxxer.hikari.HikariDataSource in restartedMain 
HikariPool-1 - Start completed.

2025-10-24 07:47:13,950 - [WARN] - from org.hibernate.orm.deprecation in restartedMain 
HHH90000025: MySQL8Dialect does not need to be specified explicitly using 'hibernate.dialect' (remove the property setting and it will be selected by default)

2025-10-24 07:47:13,962 - [WARN] - from org.hibernate.orm.deprecation in restartedMain 
HHH90000026: MySQL8Dialect has been deprecated; use org.hibernate.dialect.MySQLDialect instead

2025-10-24 07:47:13,983 - [INFO] - from org.hibernate.orm.connections.pooling in restartedMain 
HHH10001005: Database info:
	Database JDBC URL [Connecting through datasource 'HikariDataSource (HikariPool-1)']
	Database driver: undefined/unknown
	Database version: 8.0
	Autocommit mode: undefined/unknown
	Isolation level: undefined/unknown
	Minimum pool size: undefined/unknown
	Maximum pool size: undefined/unknown

2025-10-24 07:47:15,332 - [INFO] - from org.hibernate.engine.transaction.jta.platform.internal.JtaPlatformInitiator in restartedMain 
HHH000489: No JTA platform available (set 'hibernate.transaction.jta.platform' to enable JTA platform integration)

2025-10-24 07:47:15,457 - [INFO] - from org.springframework.orm.jpa.LocalContainerEntityManagerFactoryBean in restartedMain 
Initialized JPA EntityManagerFactory for persistence unit 'default'

2025-10-24 07:47:15,982 - [WARN] - from org.springframework.boot.autoconfigure.orm.jpa.JpaBaseConfiguration$JpaWebConfiguration in restartedMain 
spring.jpa.open-in-view is enabled by default. Therefore, database queries may be performed during view rendering. Explicitly configure spring.jpa.open-in-view to disable this warning

2025-10-24 07:47:16,476 - [INFO] - from org.springframework.boot.devtools.autoconfigure.OptionalLiveReloadServer in restartedMain 
LiveReload server is running on port 35729

2025-10-24 07:47:16,490 - [INFO] - from org.apache.coyote.http11.Http11NioProtocol in restartedMain 
Starting ProtocolHandler ["http-nio-8080"]

2025-10-24 07:47:16,514 - [INFO] - from org.springframework.boot.web.embedded.tomcat.TomcatWebServer in restartedMain 
Tomcat started on port 8080 (http) with context path '/'

2025-10-24 07:47:16,535 - [INFO] - from com.groovify.GroovifyApplication in restartedMain 
Started GroovifyApplication in 7.177 seconds (process running for 8.192)

2025-10-24 07:47:16,781 - [INFO] - from com.groovify.GroovifyApplication in restartedMain 
Starting MP3 import before web server startup...

2025-10-24 07:47:16,787 - [WARN] - from com.groovify.service.SongImportImpl in restartedMain 
File 'Classicals.de+-+Tchaikovsky+-+The+Seasons+-+01+-+January+-+At+the+Fireside.mp3' already exists

2025-10-24 07:47:16,792 - [WARN] - from com.groovify.service.SongImportImpl in restartedMain 
File 'Classicals.de+-+Tchaikovsky+-+The+Seasons+-+02+-+February+-+Carnival.mp3' already exists

2025-10-24 07:47:16,795 - [WARN] - from com.groovify.service.SongImportImpl in restartedMain 
File 'Classicals.de+-+Tchaikovsky+-+The+Seasons+-+03+-+March+-+Song+of+the+Lark.mp3' already exists

2025-10-24 07:47:16,795 - [INFO] - from com.groovify.GroovifyApplication in restartedMain 
MP3 import complete. Continuing startup...

2025-10-24 07:47:29,828 - [INFO] - from org.apache.catalina.core.ContainerBase.[Tomcat].[localhost].[/] in http-nio-8080-exec-1 
Initializing Spring DispatcherServlet 'dispatcherServlet'

2025-10-24 07:47:29,828 - [INFO] - from org.springframework.web.servlet.DispatcherServlet in http-nio-8080-exec-1 
Initializing Servlet 'dispatcherServlet'

2025-10-24 07:47:29,833 - [INFO] - from org.springframework.web.servlet.DispatcherServlet in http-nio-8080-exec-1 
Completed initialization in 5 ms

2025-10-24 07:47:35,241 - [INFO] - from com.groovify.web.controller.LandingController in http-nio-8080-exec-3 
User 'zgacnik' attempting to log in

2025-10-24 07:47:35,244 - [INFO] - from com.groovify.web.controller.LandingController in http-nio-8080-exec-3 
User 'zgacnik' successfully logged in

2025-10-24 07:47:35,271 - [WARN] - from org.thymeleaf.standard.processor.AbstractStandardFragmentInsertionTagProcessor in http-nio-8080-exec-4 
[THYMELEAF][http-nio-8080-exec-4][home] Deprecated unwrapped fragment expression "fragments/topbar :: topbar" found in template home, line 14, col 6. Please use the complete syntax of fragment expressions instead ("~{fragments/topbar :: topbar}"). The old, unwrapped syntax for fragment expressions will be removed in future versions of Thymeleaf.

2025-10-24 07:47:35,304 - [WARN] - from org.thymeleaf.standard.processor.AbstractStandardFragmentInsertionTagProcessor in http-nio-8080-exec-4 
[THYMELEAF][http-nio-8080-exec-4][home] Deprecated unwrapped fragment expression "fragments/navbar :: navbar" found in template home, line 17, col 6. Please use the complete syntax of fragment expressions instead ("~{fragments/navbar :: navbar}"). The old, unwrapped syntax for fragment expressions will be removed in future versions of Thymeleaf.

2025-10-24 07:47:35,316 - [WARN] - from org.thymeleaf.standard.processor.AbstractStandardFragmentInsertionTagProcessor in http-nio-8080-exec-4 
[THYMELEAF][http-nio-8080-exec-4][home] Deprecated unwrapped fragment expression "fragments/session :: sessionTimeoutScripts" found in template home, line 20, col 6. Please use the complete syntax of fragment expressions instead ("~{fragments/session :: sessionTimeoutScripts}"). The old, unwrapped syntax for fragment expressions will be removed in future versions of Thymeleaf.

2025-10-24 07:47:38,742 - [WARN] - from org.thymeleaf.standard.processor.AbstractStandardFragmentInsertionTagProcessor in http-nio-8080-exec-8 
[THYMELEAF][http-nio-8080-exec-8][songs] Deprecated unwrapped fragment expression "fragments/topbar :: topbar" found in template songs, line 15, col 6. Please use the complete syntax of fragment expressions instead ("~{fragments/topbar :: topbar}"). The old, unwrapped syntax for fragment expressions will be removed in future versions of Thymeleaf.

2025-10-24 07:47:38,782 - [WARN] - from org.thymeleaf.standard.processor.AbstractStandardFragmentInsertionTagProcessor in http-nio-8080-exec-8 
[THYMELEAF][http-nio-8080-exec-8][songs] Deprecated unwrapped fragment expression "fragments/mediaplayer :: mediaplayer" found in template songs, line 40, col 6. Please use the complete syntax of fragment expressions instead ("~{fragments/mediaplayer :: mediaplayer}"). The old, unwrapped syntax for fragment expressions will be removed in future versions of Thymeleaf.

2025-10-24 07:47:38,792 - [WARN] - from org.thymeleaf.standard.processor.AbstractStandardFragmentInsertionTagProcessor in http-nio-8080-exec-8 
[THYMELEAF][http-nio-8080-exec-8][songs] Deprecated unwrapped fragment expression "fragments/navbar :: navbar" found in template songs, line 42, col 6. Please use the complete syntax of fragment expressions instead ("~{fragments/navbar :: navbar}"). The old, unwrapped syntax for fragment expressions will be removed in future versions of Thymeleaf.

2025-10-24 07:47:38,804 - [WARN] - from org.thymeleaf.standard.processor.AbstractStandardFragmentInsertionTagProcessor in http-nio-8080-exec-8 
[THYMELEAF][http-nio-8080-exec-8][songs] Deprecated unwrapped fragment expression "fragments/session :: sessionTimeoutScripts" found in template songs, line 52, col 6. Please use the complete syntax of fragment expressions instead ("~{fragments/session :: sessionTimeoutScripts}"). The old, unwrapped syntax for fragment expressions will be removed in future versions of Thymeleaf.

2025-10-24 07:47:45,870 - [INFO] - from com.groovify.web.controller.LandingController in http-nio-8080-exec-1 
User 'zgacnik' logged out

2025-10-24 07:51:49,718 - [INFO] - from org.hibernate.validator.internal.util.Version in background-preinit 
HV000001: Hibernate Validator 8.0.3.Final

2025-10-24 07:51:49,822 - [INFO] - from com.groovify.GroovifyApplication in restartedMain 
Starting GroovifyApplication using Java 21.0.7 with PID 16212 (C:\Users\zackg\CS341-Projects\Groovify\build\classes\java\main started by zgacnik in C:\Users\zackg\CS341-Projects\Groovify)

2025-10-24 07:51:49,822 - [INFO] - from com.groovify.GroovifyApplication in restartedMain 
No active profile set, falling back to 1 default profile: "default"

2025-10-24 07:51:49,912 - [INFO] - from org.springframework.boot.devtools.env.DevToolsPropertyDefaultsPostProcessor in restartedMain 
Devtools property defaults active! Set 'spring.devtools.add-properties' to 'false' to disable

2025-10-24 07:51:49,912 - [INFO] - from org.springframework.boot.devtools.env.DevToolsPropertyDefaultsPostProcessor in restartedMain 
For additional web related logging consider setting the 'logging.level.web' property to 'DEBUG'

2025-10-24 07:51:51,181 - [INFO] - from org.springframework.data.repository.config.RepositoryConfigurationDelegate in restartedMain 
Bootstrapping Spring Data JPA repositories in DEFAULT mode.

2025-10-24 07:51:51,331 - [INFO] - from org.springframework.data.repository.config.RepositoryConfigurationDelegate in restartedMain 
Finished Spring Data repository scanning in 131 ms. Found 4 JPA repository interfaces.

2025-10-24 07:51:52,239 - [INFO] - from org.springframework.boot.web.embedded.tomcat.TomcatWebServer in restartedMain 
Tomcat initialized with port 8080 (http)

2025-10-24 07:51:52,251 - [INFO] - from org.apache.coyote.http11.Http11NioProtocol in restartedMain 
Initializing ProtocolHandler ["http-nio-8080"]

2025-10-24 07:51:52,265 - [INFO] - from org.apache.catalina.core.StandardService in restartedMain 
Starting service [Tomcat]

2025-10-24 07:51:52,265 - [INFO] - from org.apache.catalina.core.StandardEngine in restartedMain 
Starting Servlet engine: [Apache Tomcat/10.1.44]

2025-10-24 07:51:52,344 - [INFO] - from org.apache.catalina.core.ContainerBase.[Tomcat].[localhost].[/] in restartedMain 
Initializing Spring embedded WebApplicationContext

2025-10-24 07:51:52,348 - [INFO] - from org.springframework.boot.web.servlet.context.ServletWebServerApplicationContext in restartedMain 
Root WebApplicationContext: initialization completed in 2436 ms

2025-10-24 07:51:52,598 - [INFO] - from org.hibernate.jpa.internal.util.LogHelper in restartedMain 
HHH000204: Processing PersistenceUnitInfo [name: default]

2025-10-24 07:51:52,701 - [INFO] - from org.hibernate.Version in restartedMain 
HHH000412: Hibernate ORM core version 6.6.26.Final

2025-10-24 07:51:52,750 - [INFO] - from org.hibernate.cache.internal.RegionFactoryInitiator in restartedMain 
HHH000026: Second-level cache disabled

2025-10-24 07:51:53,332 - [INFO] - from org.springframework.orm.jpa.persistenceunit.SpringPersistenceUnitInfo in restartedMain 
No LoadTimeWeaver setup: ignoring JPA class transformer

2025-10-24 07:51:53,402 - [INFO] - from com.zaxxer.hikari.HikariDataSource in restartedMain 
HikariPool-1 - Starting...

2025-10-24 07:51:53,982 - [INFO] - from com.zaxxer.hikari.pool.HikariPool in restartedMain 
HikariPool-1 - Added connection com.mysql.cj.jdbc.ConnectionImpl@4bdea184

2025-10-24 07:51:53,990 - [INFO] - from com.zaxxer.hikari.HikariDataSource in restartedMain 
HikariPool-1 - Start completed.

2025-10-24 07:51:54,084 - [WARN] - from org.hibernate.orm.deprecation in restartedMain 
HHH90000025: MySQL8Dialect does not need to be specified explicitly using 'hibernate.dialect' (remove the property setting and it will be selected by default)

2025-10-24 07:51:54,088 - [WARN] - from org.hibernate.orm.deprecation in restartedMain 
HHH90000026: MySQL8Dialect has been deprecated; use org.hibernate.dialect.MySQLDialect instead

2025-10-24 07:51:54,119 - [INFO] - from org.hibernate.orm.connections.pooling in restartedMain 
HHH10001005: Database info:
	Database JDBC URL [Connecting through datasource 'HikariDataSource (HikariPool-1)']
	Database driver: undefined/unknown
	Database version: 8.0
	Autocommit mode: undefined/unknown
	Isolation level: undefined/unknown
	Minimum pool size: undefined/unknown
	Maximum pool size: undefined/unknown

2025-10-24 07:51:55,729 - [INFO] - from org.hibernate.engine.transaction.jta.platform.internal.JtaPlatformInitiator in restartedMain 
HHH000489: No JTA platform available (set 'hibernate.transaction.jta.platform' to enable JTA platform integration)

2025-10-24 07:51:55,910 - [INFO] - from org.springframework.orm.jpa.LocalContainerEntityManagerFactoryBean in restartedMain 
Initialized JPA EntityManagerFactory for persistence unit 'default'

2025-10-24 07:51:56,684 - [WARN] - from org.springframework.boot.autoconfigure.orm.jpa.JpaBaseConfiguration$JpaWebConfiguration in restartedMain 
spring.jpa.open-in-view is enabled by default. Therefore, database queries may be performed during view rendering. Explicitly configure spring.jpa.open-in-view to disable this warning

2025-10-24 07:51:57,208 - [INFO] - from org.springframework.boot.devtools.autoconfigure.OptionalLiveReloadServer in restartedMain 
LiveReload server is running on port 35729

2025-10-24 07:51:57,226 - [INFO] - from org.apache.coyote.http11.Http11NioProtocol in restartedMain 
Starting ProtocolHandler ["http-nio-8080"]

2025-10-24 07:51:57,261 - [INFO] - from org.springframework.boot.web.embedded.tomcat.TomcatWebServer in restartedMain 
Tomcat started on port 8080 (http) with context path '/'

2025-10-24 07:51:57,274 - [INFO] - from com.groovify.GroovifyApplication in restartedMain 
Started GroovifyApplication in 8.5 seconds (process running for 9.414)

2025-10-24 07:51:57,274 - [INFO] - from com.groovify.GroovifyApplication in restartedMain 
Starting MP3 import before web server startup...

2025-10-24 07:51:57,478 - [WARN] - from com.groovify.service.SongImportImpl in restartedMain 
File 'Classicals.de+-+Tchaikovsky+-+The+Seasons+-+01+-+January+-+At+the+Fireside.mp3' already exists

2025-10-24 07:51:57,483 - [WARN] - from com.groovify.service.SongImportImpl in restartedMain 
File 'Classicals.de+-+Tchaikovsky+-+The+Seasons+-+02+-+February+-+Carnival.mp3' already exists

2025-10-24 07:51:57,485 - [WARN] - from com.groovify.service.SongImportImpl in restartedMain 
File 'Classicals.de+-+Tchaikovsky+-+The+Seasons+-+03+-+March+-+Song+of+the+Lark.mp3' already exists

2025-10-24 07:51:57,485 - [INFO] - from com.groovify.GroovifyApplication in restartedMain 
MP3 import complete. Continuing startup...

2025-10-24 07:52:08,402 - [INFO] - from org.apache.catalina.core.ContainerBase.[Tomcat].[localhost].[/] in http-nio-8080-exec-1 
Initializing Spring DispatcherServlet 'dispatcherServlet'

2025-10-24 07:52:08,402 - [INFO] - from org.springframework.web.servlet.DispatcherServlet in http-nio-8080-exec-1 
Initializing Servlet 'dispatcherServlet'

2025-10-24 07:52:08,402 - [INFO] - from org.springframework.web.servlet.DispatcherServlet in http-nio-8080-exec-1 
Completed initialization in 0 ms

2025-10-24 07:52:13,794 - [INFO] - from com.groovify.web.controller.LandingController in http-nio-8080-exec-6 
User 'zgacnik' attempting to log in

2025-10-24 07:52:13,809 - [INFO] - from com.groovify.web.controller.LandingController in http-nio-8080-exec-6 
User 'zgacnik' successfully logged in

2025-10-24 07:52:13,843 - [WARN] - from org.thymeleaf.standard.processor.AbstractStandardFragmentInsertionTagProcessor in http-nio-8080-exec-8 
[THYMELEAF][http-nio-8080-exec-8][home] Deprecated unwrapped fragment expression "fragments/topbar :: topbar" found in template home, line 14, col 6. Please use the complete syntax of fragment expressions instead ("~{fragments/topbar :: topbar}"). The old, unwrapped syntax for fragment expressions will be removed in future versions of Thymeleaf.

2025-10-24 07:52:13,899 - [WARN] - from org.thymeleaf.standard.processor.AbstractStandardFragmentInsertionTagProcessor in http-nio-8080-exec-8 
[THYMELEAF][http-nio-8080-exec-8][home] Deprecated unwrapped fragment expression "fragments/navbar :: navbar" found in template home, line 17, col 6. Please use the complete syntax of fragment expressions instead ("~{fragments/navbar :: navbar}"). The old, unwrapped syntax for fragment expressions will be removed in future versions of Thymeleaf.

2025-10-24 07:52:13,905 - [WARN] - from org.thymeleaf.standard.processor.AbstractStandardFragmentInsertionTagProcessor in http-nio-8080-exec-8 
[THYMELEAF][http-nio-8080-exec-8][home] Deprecated unwrapped fragment expression "fragments/session :: sessionTimeoutScripts" found in template home, line 20, col 6. Please use the complete syntax of fragment expressions instead ("~{fragments/session :: sessionTimeoutScripts}"). The old, unwrapped syntax for fragment expressions will be removed in future versions of Thymeleaf.

2025-10-24 07:52:16,836 - [WARN] - from org.thymeleaf.standard.processor.AbstractStandardFragmentInsertionTagProcessor in http-nio-8080-exec-10 
[THYMELEAF][http-nio-8080-exec-10][search] Deprecated unwrapped fragment expression "fragments/topbar :: topbar" found in template search, line 14, col 6. Please use the complete syntax of fragment expressions instead ("~{fragments/topbar :: topbar}"). The old, unwrapped syntax for fragment expressions will be removed in future versions of Thymeleaf.

2025-10-24 07:52:16,844 - [WARN] - from org.thymeleaf.standard.processor.AbstractStandardFragmentInsertionTagProcessor in http-nio-8080-exec-10 
[THYMELEAF][http-nio-8080-exec-10][search] Deprecated unwrapped fragment expression "fragments/navbar :: navbar" found in template search, line 19, col 6. Please use the complete syntax of fragment expressions instead ("~{fragments/navbar :: navbar}"). The old, unwrapped syntax for fragment expressions will be removed in future versions of Thymeleaf.

2025-10-24 07:52:16,854 - [WARN] - from org.thymeleaf.standard.processor.AbstractStandardFragmentInsertionTagProcessor in http-nio-8080-exec-10 
[THYMELEAF][http-nio-8080-exec-10][search] Deprecated unwrapped fragment expression "fragments/session :: sessionTimeoutScripts" found in template search, line 24, col 6. Please use the complete syntax of fragment expressions instead ("~{fragments/session :: sessionTimeoutScripts}"). The old, unwrapped syntax for fragment expressions will be removed in future versions of Thymeleaf.

2025-10-24 07:52:18,772 - [INFO] - from com.groovify.web.controller.LandingController in http-nio-8080-exec-9 
User 'zgacnik' logged out

